SF:lib\common\exception.dart
DA:6,4
LF:1
LH:1
end_of_record
SF:lib\data\datasources\movie_local_data_source.dart
DA:14,1
DA:16,1
DA:19,2
DA:22,2
DA:26,1
DA:29,2
DA:32,2
DA:36,1
DA:39,2
DA:41,1
DA:47,1
DA:49,2
DA:50,4
LF:13
LH:13
end_of_record
SF:lib\data\models\common_models\watchlist_table.dart
DA:15,4
DA:24,2
DA:25,1
DA:26,1
DA:27,1
DA:28,1
DA:33,2
DA:34,1
DA:35,1
DA:36,1
DA:37,1
DA:42,4
DA:43,2
DA:44,2
DA:45,2
DA:46,2
DA:47,2
DA:51,0
DA:52,0
DA:53,0
DA:54,0
DA:55,0
DA:56,0
DA:60,2
DA:61,1
DA:62,1
DA:63,1
DA:64,1
DA:67,2
DA:68,1
DA:69,1
DA:70,1
DA:71,1
DA:74,3
DA:75,18
LF:35
LH:29
end_of_record
SF:lib\domain\entities\genre.dart
DA:4,8
DA:9,4
DA:10,12
LF:3
LH:3
end_of_record
SF:lib\domain\entities\movie.dart
DA:4,9
DA:20,1
DA:41,8
DA:42,8
DA:43,8
DA:44,8
DA:45,8
DA:46,8
DA:47,8
DA:48,8
DA:49,8
DA:50,8
DA:51,8
DA:52,8
DA:53,8
DA:54,8
DA:55,8
LF:17
LH:17
end_of_record
SF:lib\domain\entities\movie_detail.dart
DA:6,8
DA:34,2
DA:35,2
DA:36,2
DA:37,2
DA:38,2
DA:39,2
DA:40,2
DA:41,2
DA:42,2
DA:43,2
DA:44,2
DA:45,2
DA:46,2
LF:14
LH:14
end_of_record
SF:lib\domain\entities\tv_entities\tv.dart
DA:4,15
DA:21,1
DA:43,9
DA:44,9
DA:45,9
DA:46,9
DA:47,9
DA:48,9
DA:49,9
DA:50,9
DA:51,9
DA:52,9
DA:53,9
DA:54,9
DA:55,9
DA:56,9
DA:57,9
DA:58,9
LF:18
LH:18
end_of_record
SF:lib\domain\entities\tv_entities\tv_detail.dart
DA:6,6
DA:50,3
DA:51,3
DA:52,3
DA:53,3
DA:54,3
DA:55,3
DA:56,3
DA:57,3
DA:58,3
DA:59,3
DA:60,3
DA:61,3
DA:62,3
DA:63,3
DA:64,3
DA:65,3
DA:66,3
DA:67,3
DA:68,3
DA:69,3
DA:70,3
DA:71,3
LF:23
LH:23
end_of_record
SF:lib\common\failure.dart
DA:6,24
DA:8,11
DA:9,22
DA:13,20
DA:17,2
DA:21,6
LF:6
LH:6
end_of_record
SF:lib\data\datasources\db\database_helper.dart
DA:7,0
DA:11,0
DA:15,0
DA:16,0
DA:22,0
DA:23,0
DA:24,0
DA:25,0
DA:29,0
DA:30,0
DA:46,0
DA:47,0
DA:48,0
DA:51,0
DA:55,0
DA:56,0
DA:57,0
DA:60,0
DA:61,0
DA:62,0
DA:65,0
DA:67,0
DA:68,0
DA:74,0
DA:75,0
DA:76,0
DA:79,0
DA:80,0
DA:81,0
LF:29
LH:0
end_of_record
SF:lib\data\datasources\movie_remote_data_source.dart
DA:25,1
DA:27,1
DA:29,2
DA:30,1
DA:33,2
DA:34,4
DA:36,1
DA:40,1
DA:42,2
DA:43,2
DA:46,2
DA:47,3
DA:49,1
DA:53,1
DA:55,2
DA:56,2
DA:59,2
DA:60,4
DA:62,1
DA:66,1
DA:68,2
DA:69,1
DA:72,2
DA:73,4
DA:75,1
DA:79,1
DA:81,2
DA:82,1
DA:85,2
DA:86,4
DA:88,1
DA:92,1
DA:94,2
DA:95,2
DA:98,2
DA:99,4
DA:101,1
LF:37
LH:37
end_of_record
SF:lib\data\datasources\tv_datasources\tv_local_datasource.dart
DA:14,1
DA:16,1
DA:19,2
DA:22,2
DA:26,1
DA:29,2
DA:30,1
DA:36,2
DA:40,1
DA:42,2
DA:44,1
DA:50,1
DA:52,2
DA:53,4
LF:14
LH:14
end_of_record
SF:lib\data\datasources\tv_datasources\tv_remote_datasource.dart
DA:25,1
DA:27,1
DA:29,2
DA:30,1
DA:32,2
DA:33,4
DA:35,1
DA:39,1
DA:41,4
DA:43,2
DA:44,3
DA:46,1
DA:50,1
DA:52,2
DA:53,1
DA:56,2
DA:57,4
DA:59,1
DA:63,1
DA:65,2
DA:66,1
DA:69,2
DA:70,4
DA:72,1
DA:76,1
DA:78,2
DA:79,2
DA:82,2
DA:83,4
DA:85,1
DA:89,1
DA:91,2
DA:92,2
DA:95,2
DA:96,4
DA:98,1
LF:36
LH:36
end_of_record
SF:lib\data\models\movie_detail_model.dart
DA:7,2
DA:53,1
DA:54,1
DA:55,1
DA:56,1
DA:57,1
DA:58,1
DA:59,4
DA:61,1
DA:62,1
DA:63,1
DA:64,1
DA:65,1
DA:66,1
DA:67,2
DA:68,1
DA:69,1
DA:70,1
DA:71,1
DA:72,1
DA:73,1
DA:74,1
DA:75,1
DA:76,2
DA:77,1
DA:80,0
DA:81,0
DA:82,0
DA:83,0
DA:84,0
DA:85,0
DA:86,0
DA:87,0
DA:88,0
DA:89,0
DA:90,0
DA:91,0
DA:92,0
DA:93,0
DA:94,0
DA:95,0
DA:96,0
DA:97,0
DA:98,0
DA:99,0
DA:100,0
DA:101,0
DA:104,1
DA:105,1
DA:106,1
DA:107,1
DA:108,5
DA:109,1
DA:110,1
DA:111,1
DA:112,1
DA:113,1
DA:114,1
DA:115,1
DA:116,1
DA:117,1
DA:121,1
DA:122,1
DA:123,1
DA:124,1
DA:125,1
DA:126,1
DA:127,1
DA:128,1
DA:129,1
DA:130,1
DA:131,1
DA:132,1
DA:133,1
DA:134,1
DA:135,1
DA:136,1
DA:137,1
DA:138,1
DA:139,1
DA:140,1
DA:141,1
DA:142,1
DA:143,1
LF:84
LH:62
end_of_record
SF:lib\data\models\movie_model.dart
DA:6,4
DA:36,4
DA:37,2
DA:38,2
DA:39,8
DA:40,2
DA:41,2
DA:42,2
DA:43,4
DA:44,2
DA:45,2
DA:46,2
DA:47,2
DA:48,4
DA:49,2
DA:52,2
DA:53,1
DA:54,1
DA:55,4
DA:56,1
DA:57,1
DA:58,1
DA:59,1
DA:60,1
DA:61,1
DA:62,1
DA:63,1
DA:64,1
DA:65,1
DA:68,2
DA:69,2
DA:70,2
DA:71,2
DA:72,2
DA:73,2
DA:74,2
DA:75,2
DA:76,2
DA:77,2
DA:78,2
DA:79,2
DA:80,2
DA:81,2
DA:82,2
DA:86,2
DA:87,2
DA:88,2
DA:89,2
DA:90,2
DA:91,2
DA:92,2
DA:93,2
DA:94,2
DA:95,2
DA:96,2
DA:97,2
DA:98,2
DA:99,2
DA:100,2
LF:59
LH:59
end_of_record
SF:lib\data\models\tv_models\tv_detail_model.dart
DA:7,3
DA:49,4
DA:50,2
DA:51,2
DA:52,2
DA:53,2
DA:54,8
DA:56,2
DA:57,2
DA:58,2
DA:59,6
DA:60,2
DA:61,2
DA:62,2
DA:63,2
DA:64,4
DA:65,2
DA:66,4
DA:67,2
DA:68,2
DA:69,2
DA:70,2
DA:71,2
DA:72,2
DA:75,2
DA:76,1
DA:77,1
DA:78,1
DA:79,5
DA:80,1
DA:81,1
DA:82,1
DA:83,1
DA:84,1
DA:85,1
DA:86,1
DA:87,1
DA:88,1
DA:89,1
DA:90,1
DA:91,1
DA:92,1
DA:93,1
DA:94,1
DA:97,2
DA:98,2
DA:99,2
DA:100,2
DA:101,2
DA:102,8
DA:103,2
DA:104,2
DA:105,2
DA:106,2
DA:107,2
DA:108,2
DA:109,2
DA:110,2
DA:111,2
DA:112,2
DA:113,2
DA:114,2
DA:115,2
DA:116,2
DA:117,2
DA:121,2
DA:122,2
DA:123,2
DA:124,2
DA:125,2
DA:126,2
DA:127,2
DA:128,2
DA:129,2
DA:130,2
DA:131,2
DA:132,2
DA:133,2
DA:134,2
DA:135,2
DA:136,2
DA:137,2
DA:138,2
DA:139,2
DA:140,2
DA:141,2
LF:86
LH:86
end_of_record
SF:lib\data\models\tv_models\tv_model.dart
DA:6,4
DA:38,6
DA:39,3
DA:40,3
DA:41,3
DA:42,3
DA:43,6
DA:44,3
DA:45,3
DA:46,3
DA:47,12
DA:48,6
DA:49,3
DA:50,3
DA:51,6
DA:52,3
DA:55,4
DA:56,2
DA:57,2
DA:58,2
DA:59,2
DA:60,2
DA:61,2
DA:62,2
DA:63,2
DA:64,8
DA:65,2
DA:66,2
DA:67,2
DA:68,2
DA:69,2
DA:72,2
DA:73,2
DA:74,2
DA:75,2
DA:76,2
DA:77,2
DA:78,2
DA:79,2
DA:80,2
DA:81,2
DA:82,2
DA:83,2
DA:84,2
DA:85,2
DA:86,2
DA:87,2
DA:91,3
DA:92,3
DA:93,3
DA:94,3
DA:95,3
DA:96,3
DA:97,3
DA:98,3
DA:99,3
DA:100,3
DA:101,3
DA:102,3
DA:103,3
DA:104,3
DA:105,3
DA:106,3
LF:63
LH:63
end_of_record
SF:lib\domain\usecases\tv_usecases\get_on_airing_tvs.dart
DA:10,1
DA:12,1
DA:13,2
LF:3
LH:3
end_of_record
SF:lib\presentation\bloc\on_airing_tv_bloc.dart
DA:11,1
DA:12,1
DA:17,2
DA:20,1
DA:22,1
DA:28,2
DA:29,1
DA:30,1
DA:31,2
DA:32,2
DA:34,1
DA:37,1
DA:38,2
LF:13
LH:13
end_of_record
SF:lib\presentation\bloc\on_airing_tv_event.dart
DA:4,1
DA:6,0
DA:7,0
LF:3
LH:1
end_of_record
SF:lib\presentation\bloc\on_airing_tv_state.dart
DA:11,4
DA:17,0
DA:22,0
DA:23,0
DA:24,0
DA:25,0
DA:29,1
DA:30,4
LF:8
LH:3
end_of_record
SF:lib\data\models\movie_response.dart
DA:8,2
DA:10,4
DA:11,2
DA:12,2
DA:13,6
DA:14,6
DA:18,2
DA:19,5
DA:22,1
DA:23,2
LF:10
LH:10
end_of_record
SF:lib\domain\usecases\get_movie_detail.dart
DA:10,1
DA:12,1
DA:13,2
LF:3
LH:3
end_of_record
SF:lib\domain\usecases\get_movie_recommendations.dart
DA:10,1
DA:12,1
DA:13,2
LF:3
LH:3
end_of_record
SF:lib\domain\usecases\get_watchlist_status.dart
DA:6,1
DA:8,1
DA:9,2
LF:3
LH:3
end_of_record
SF:lib\domain\usecases\remove_watchlist.dart
DA:10,1
DA:12,1
DA:13,2
LF:3
LH:3
end_of_record
SF:lib\domain\usecases\save_watchlist.dart
DA:10,1
DA:12,1
DA:13,2
LF:3
LH:3
end_of_record
SF:lib\presentation\bloc\movie_detail_bloc.dart
DA:22,1
DA:28,1
DA:29,2
DA:30,2
DA:31,2
DA:32,2
DA:35,1
DA:36,3
DA:37,3
DA:38,3
DA:39,1
DA:40,1
DA:41,3
DA:43,1
DA:46,1
DA:47,3
DA:51,1
DA:52,0
DA:53,0
DA:55,0
DA:58,1
DA:59,3
DA:65,3
DA:70,0
DA:71,0
DA:72,0
DA:73,0
DA:74,0
DA:76,0
DA:77,0
DA:80,0
DA:83,1
DA:84,3
DA:85,1
DA:86,0
DA:87,0
DA:89,1
DA:90,3
DA:93,4
DA:96,1
DA:97,3
DA:98,3
LF:42
LH:29
end_of_record
SF:lib\presentation\bloc\movie_detail_event.dart
DA:6,1
DA:8,0
DA:9,0
DA:15,0
DA:17,0
DA:18,0
DA:24,0
DA:26,0
DA:27,0
DA:33,1
DA:35,0
DA:36,0
DA:42,1
DA:44,0
DA:45,0
LF:15
LH:3
end_of_record
SF:lib\presentation\bloc\movie_detail_state.dart
DA:15,4
DA:25,1
DA:34,1
DA:35,1
DA:36,1
DA:37,1
DA:38,1
DA:39,1
DA:40,1
DA:41,1
DA:45,1
DA:46,1
DA:47,1
DA:48,1
DA:49,1
DA:50,1
DA:51,1
DA:52,1
DA:53,1
LF:19
LH:19
end_of_record
SF:lib\data\models\tv_models\tv_response.dart
DA:8,2
DA:10,4
DA:11,2
DA:12,2
DA:13,6
DA:14,6
DA:18,2
DA:19,5
DA:22,1
DA:23,2
LF:10
LH:10
end_of_record
SF:lib\data\models\genre_model.dart
DA:6,4
DA:11,3
DA:12,9
DA:14,4
DA:16,2
DA:17,6
DA:20,3
DA:21,9
LF:8
LH:8
end_of_record
SF:lib\data\repositories\movie_repository_impl.dart
DA:18,1
DA:23,1
DA:26,2
DA:27,5
DA:28,1
DA:29,2
DA:30,1
DA:31,2
DA:35,1
DA:38,2
DA:39,2
DA:40,1
DA:41,2
DA:42,1
DA:43,2
DA:47,1
DA:50,2
DA:51,3
DA:52,1
DA:53,2
DA:54,1
DA:55,2
DA:59,1
DA:62,2
DA:63,5
DA:64,1
DA:65,2
DA:66,1
DA:67,2
DA:71,1
DA:74,2
DA:75,5
DA:76,1
DA:77,2
DA:78,1
DA:79,2
DA:83,1
DA:86,2
DA:87,5
DA:88,1
DA:89,2
DA:90,1
DA:91,2
DA:95,1
DA:98,2
DA:99,1
DA:101,1
DA:102,1
DA:103,3
DA:109,1
DA:112,2
DA:113,1
DA:115,1
DA:116,1
DA:117,3
DA:121,1
DA:123,2
DA:127,1
DA:129,2
DA:130,5
LF:60
LH:60
end_of_record
SF:lib\data\repositories\tv_repository_impl.dart
DA:18,1
DA:23,1
DA:26,2
DA:27,5
DA:28,1
DA:29,2
DA:30,1
DA:31,2
DA:35,1
DA:38,2
DA:39,2
DA:40,1
DA:41,2
DA:42,0
DA:43,0
DA:47,1
DA:50,2
DA:51,5
DA:52,0
DA:53,0
DA:54,0
DA:55,0
DA:59,1
DA:62,2
DA:63,5
DA:64,0
DA:65,0
DA:66,0
DA:67,0
DA:71,1
DA:74,2
DA:75,5
DA:76,0
DA:77,0
DA:78,0
DA:79,0
DA:83,1
DA:86,2
DA:87,5
DA:88,0
DA:89,0
DA:90,0
DA:91,0
DA:95,1
DA:98,2
DA:99,1
DA:101,1
DA:102,1
DA:103,3
DA:109,1
DA:112,2
DA:113,1
DA:115,1
DA:116,0
DA:117,0
DA:121,1
DA:123,2
DA:127,1
DA:129,2
DA:130,5
LF:60
LH:40
end_of_record
SF:lib\domain\usecases\get_now_playing_movies.dart
DA:10,1
DA:12,1
DA:13,2
LF:3
LH:3
end_of_record
SF:lib\domain\usecases\get_popular_movies.dart
DA:10,1
DA:12,1
DA:13,2
LF:3
LH:3
end_of_record
SF:lib\domain\usecases\get_top_rated_movies.dart
DA:10,1
DA:12,1
DA:13,2
LF:3
LH:3
end_of_record
SF:lib\domain\usecases\get_watchlist_movies.dart
DA:10,1
DA:12,1
DA:13,2
LF:3
LH:3
end_of_record
SF:lib\domain\usecases\search_movies.dart
DA:10,1
DA:12,1
DA:13,2
LF:3
LH:3
end_of_record
SF:lib\domain\usecases\tv_usecases\get_popular_tvs.dart
DA:10,1
DA:12,1
DA:13,2
LF:3
LH:3
end_of_record
SF:lib\domain\usecases\tv_usecases\get_top_rated_tvs.dart
DA:10,1
DA:12,1
DA:13,2
LF:3
LH:3
end_of_record
SF:lib\domain\usecases\tv_usecases\get_tv_detail.dart
DA:10,1
DA:12,1
DA:13,2
LF:3
LH:3
end_of_record
SF:lib\domain\usecases\tv_usecases\get_tv_recommendations.dart
DA:10,1
DA:12,1
DA:13,2
LF:3
LH:3
end_of_record
SF:lib\domain\usecases\tv_usecases\get_watchlist_tvs.dart
DA:10,1
DA:12,1
DA:13,2
LF:3
LH:3
end_of_record
SF:lib\domain\usecases\tv_usecases\get_watchlist_tv_status.dart
DA:5,1
DA:6,1
DA:7,2
LF:3
LH:3
end_of_record
SF:lib\domain\usecases\tv_usecases\remove_watchlist_tv.dart
DA:9,1
DA:11,1
DA:12,2
LF:3
LH:3
end_of_record
SF:lib\domain\usecases\tv_usecases\save_watchlist_tv.dart
DA:9,1
DA:11,1
DA:12,2
LF:3
LH:3
end_of_record
SF:lib\domain\usecases\tv_usecases\search_tvs.dart
DA:9,1
DA:11,1
DA:12,2
LF:3
LH:3
end_of_record
SF:lib\presentation\bloc\movie_list_bloc.dart
DA:15,1
DA:19,1
DA:20,2
DA:21,2
DA:22,2
DA:25,1
DA:29,3
DA:30,2
DA:31,1
DA:32,1
DA:33,3
DA:35,1
DA:38,1
DA:39,3
DA:47,1
DA:51,3
DA:52,2
DA:53,1
DA:54,1
DA:55,3
DA:57,1
DA:60,1
DA:61,3
DA:69,1
DA:73,3
DA:74,2
DA:75,1
DA:76,1
DA:77,3
DA:79,1
DA:82,1
DA:83,3
LF:32
LH:32
end_of_record
SF:lib\presentation\bloc\movie_list_event.dart
DA:4,1
DA:6,0
DA:7,0
DA:11,1
DA:13,0
DA:14,0
DA:18,1
DA:20,0
DA:21,0
DA:25,1
DA:27,0
DA:28,0
LF:12
LH:4
end_of_record
SF:lib\presentation\bloc\movie_list_state.dart
DA:14,1
DA:24,1
DA:33,1
DA:34,1
DA:35,1
DA:36,1
DA:37,1
DA:38,1
DA:39,1
DA:40,1
DA:44,1
DA:45,1
DA:46,1
DA:47,1
DA:48,1
DA:49,1
DA:50,1
DA:51,1
DA:52,1
LF:19
LH:19
end_of_record
SF:lib\presentation\bloc\movie_search_bloc.dart
DA:11,2
DA:12,2
DA:15,1
DA:16,3
DA:17,3
DA:18,1
DA:19,1
DA:20,3
DA:22,1
DA:25,1
DA:26,3
LF:11
LH:11
end_of_record
SF:lib\presentation\bloc\movie_search_event.dart
DA:4,1
DA:6,0
DA:7,0
DA:13,1
DA:15,0
DA:16,0
LF:6
LH:2
end_of_record
SF:lib\presentation\bloc\movie_search_state.dart
DA:10,1
DA:16,1
DA:21,1
DA:22,0
DA:23,1
DA:24,1
DA:28,1
DA:29,4
LF:8
LH:7
end_of_record
SF:lib\presentation\bloc\popular_movies_bloc.dart
DA:10,1
DA:11,1
DA:12,2
DA:15,1
DA:17,3
DA:18,2
DA:19,1
DA:20,1
DA:21,3
DA:23,1
DA:26,1
DA:27,3
LF:12
LH:12
end_of_record
SF:lib\presentation\bloc\popular_movies_event.dart
DA:4,1
DA:6,0
DA:7,0
LF:3
LH:1
end_of_record
SF:lib\presentation\bloc\popular_movies_state.dart
DA:10,1
DA:16,1
DA:21,1
DA:22,0
DA:23,1
DA:24,1
DA:28,1
DA:29,4
LF:8
LH:7
end_of_record
SF:lib\presentation\bloc\popular_tv_bloc.dart
DA:11,1
DA:12,1
DA:17,2
DA:20,1
DA:22,1
DA:28,2
DA:29,1
DA:30,1
DA:31,2
DA:32,2
DA:34,1
DA:37,1
DA:38,2
LF:13
LH:13
end_of_record
SF:lib\presentation\bloc\popular_tv_event.dart
DA:4,1
DA:6,0
DA:7,0
LF:3
LH:1
end_of_record
SF:lib\presentation\bloc\popular_tv_state.dart
DA:11,1
DA:17,0
DA:22,0
DA:23,0
DA:24,0
DA:25,0
DA:29,1
DA:30,4
LF:8
LH:3
end_of_record
SF:lib\presentation\bloc\top_rated_movies_bloc.dart
DA:11,1
DA:12,1
DA:13,2
DA:16,1
DA:18,3
DA:19,2
DA:20,1
DA:21,1
DA:22,3
DA:24,1
DA:27,1
DA:28,3
LF:12
LH:12
end_of_record
SF:lib\presentation\bloc\top_rated_movies_event.dart
DA:4,1
DA:6,0
DA:7,0
LF:3
LH:1
end_of_record
SF:lib\presentation\bloc\top_rated_movies_state.dart
DA:10,1
DA:16,1
DA:21,1
DA:22,0
DA:23,1
DA:24,1
DA:28,1
DA:29,4
LF:8
LH:7
end_of_record
SF:lib\presentation\bloc\top_rated_tv_bloc.dart
DA:11,1
DA:12,1
DA:17,2
DA:20,1
DA:22,1
DA:28,2
DA:29,1
DA:30,1
DA:31,2
DA:32,2
DA:34,1
DA:37,1
DA:38,2
LF:13
LH:13
end_of_record
SF:lib\presentation\bloc\top_rated_tv_event.dart
DA:4,1
DA:6,0
DA:7,0
LF:3
LH:1
end_of_record
SF:lib\presentation\bloc\top_rated_tv_state.dart
DA:11,1
DA:17,0
DA:22,0
DA:23,0
DA:24,0
DA:25,0
DA:29,1
DA:30,4
LF:8
LH:3
end_of_record
SF:lib\presentation\bloc\tv_detail_bloc.dart
DA:22,1
DA:28,1
DA:37,2
DA:38,2
DA:39,2
DA:40,2
DA:43,1
DA:45,3
DA:49,3
DA:50,3
DA:52,1
DA:53,0
DA:54,0
DA:56,0
DA:59,1
DA:60,3
DA:65,1
DA:66,0
DA:67,0
DA:69,0
DA:72,1
DA:73,3
DA:80,3
DA:87,1
DA:89,3
DA:91,1
DA:92,1
DA:93,4
DA:95,1
DA:96,3
DA:100,4
DA:103,0
DA:105,0
DA:107,0
DA:108,0
DA:109,0
DA:111,0
DA:112,0
DA:116,0
DA:119,1
DA:121,3
DA:122,3
LF:42
LH:28
end_of_record
SF:lib\presentation\bloc\tv_detail_event.dart
DA:6,1
DA:8,0
DA:9,0
DA:14,1
DA:16,0
DA:17,0
DA:22,1
DA:24,0
DA:25,0
DA:30,0
DA:32,0
DA:33,0
DA:38,1
DA:40,0
DA:41,0
LF:15
LH:4
end_of_record
SF:lib\presentation\bloc\tv_detail_state.dart
DA:16,1
DA:26,1
DA:35,1
DA:36,1
DA:37,1
DA:38,1
DA:39,1
DA:40,1
DA:41,1
DA:42,1
DA:46,1
DA:47,1
DA:48,1
DA:49,1
DA:50,1
DA:51,1
DA:52,1
DA:53,1
DA:54,1
LF:19
LH:19
end_of_record
SF:lib\presentation\bloc\tv_list_bloc.dart
DA:15,1
DA:19,1
DA:28,2
DA:29,2
DA:30,2
DA:33,1
DA:35,3
DA:37,2
DA:38,1
DA:39,0
DA:40,0
DA:42,0
DA:45,1
DA:46,3
DA:54,1
DA:56,3
DA:58,2
DA:59,1
DA:60,1
DA:61,3
DA:63,1
DA:66,1
DA:67,3
DA:75,0
DA:77,0
DA:79,0
DA:80,0
DA:81,0
DA:82,0
DA:84,0
DA:87,0
DA:88,0
LF:32
LH:20
end_of_record
SF:lib\presentation\bloc\tv_list_event.dart
DA:4,1
DA:6,0
DA:7,0
LF:3
LH:1
end_of_record
SF:lib\presentation\bloc\tv_list_state.dart
DA:15,1
DA:25,1
DA:34,1
DA:35,1
DA:36,1
DA:37,1
DA:38,1
DA:39,1
DA:40,1
DA:41,1
DA:45,1
DA:46,1
DA:47,1
DA:48,1
DA:49,1
DA:50,1
DA:51,1
DA:52,1
DA:53,1
LF:19
LH:19
end_of_record
SF:lib\presentation\bloc\tv_search_bloc.dart
DA:11,1
DA:12,1
DA:17,2
DA:20,1
DA:22,1
DA:28,3
DA:29,1
DA:30,1
DA:31,2
DA:32,2
DA:34,1
DA:37,1
DA:38,2
LF:13
LH:13
end_of_record
SF:lib\presentation\bloc\tv_search_event.dart
DA:4,1
DA:6,0
DA:7,0
DA:13,1
DA:15,0
DA:16,0
LF:6
LH:2
end_of_record
SF:lib\presentation\bloc\tv_search_state.dart
DA:11,1
DA:17,1
DA:22,1
DA:23,1
DA:24,0
DA:25,1
DA:29,1
DA:30,4
LF:8
LH:7
end_of_record
SF:lib\presentation\bloc\watchlist_movies_bloc.dart
DA:11,1
DA:12,1
DA:13,2
DA:16,1
DA:18,3
DA:19,2
DA:20,1
DA:21,1
DA:22,3
DA:24,1
DA:27,1
DA:28,3
LF:12
LH:12
end_of_record
SF:lib\presentation\bloc\watchlist_movies_event.dart
DA:4,1
DA:6,0
DA:7,0
LF:3
LH:1
end_of_record
SF:lib\presentation\bloc\watchlist_movies_state.dart
DA:10,1
DA:16,1
DA:21,1
DA:22,0
DA:23,1
DA:24,1
DA:28,1
DA:29,4
LF:8
LH:7
end_of_record
SF:lib\presentation\bloc\watchlist_tv_bloc.dart
DA:11,1
DA:12,1
DA:17,2
DA:20,1
DA:22,1
DA:28,2
DA:29,1
DA:30,1
DA:31,2
DA:32,2
DA:34,1
DA:37,1
DA:38,2
LF:13
LH:13
end_of_record
SF:lib\presentation\bloc\watchlist_tv_event.dart
DA:4,1
DA:6,0
DA:7,0
LF:3
LH:1
end_of_record
SF:lib\presentation\bloc\watchlist_tv_state.dart
DA:11,1
DA:17,0
DA:22,0
DA:23,0
DA:24,0
DA:25,0
DA:29,1
DA:30,4
LF:8
LH:3
end_of_record
